make all --print-data-base --no-builtin-variables --no-builtin-rules --question
# GNU Make 4.3
# Built for x86_64-pc-linux-gnu
# Copyright (C) 1988-2020 Free Software Foundation, Inc.
# License GPLv3+: GNU GPL version 3 or later <http://gnu.org/licenses/gpl.html>
# This is free software: you are free to change and redistribute it.
# There is NO WARRANTY, to the extent permitted by law.

# Make data base, printed on Sun May 29 17:33:31 2022

# Variables

# makefile (from 'Makefile', line 51)
COLOR_HEADER_CONT = \033[38;5;247m
# makefile (from 'Makefile', line 6)
PATH_OBJS := objs
# environment
LC_ALL = C
# makefile (from 'Makefile', line 55)
COLOR_ERROR = \033[1;38;5;196m
# makefile (from 'Makefile', line 105)
clear_line = 	if [ -d .git ]; then tput cup 8 0; else tput cup 7 0; fi; tput el
# makefile (from 'Makefile', line 66)
define show_git_infos
	$(eval TMP := $(shell [ -d .git ] && echo "true"))
	$(eval __REPOSITORY_URL__ := $(if $(TMP),$(shell git remote get-url origin 2> /dev/null),Not a git repository))
	$(eval __BRANCH__ := $(if $(TMP), $(shell git branch --show-current 2> /dev/null), $(echo "Not a git repository")))
	$(eval __REPOSITORY__ := $(if $(__REPOSITORY_URL__), $(__REPOSITORY_URL__),Unknown repository))
	$(eval TMP_REPOS := $(COLOR_HEADER)Git repository$(CLEAR_COLOR):$(COLOR_HEADER_CONT)$(subst :,!,$(__REPOSITORY__))$(CLEAR_COLOR))
	$(eval TMP_BRANCH := $(if $(TMP),$(COLOR_HEADER)Git branch$(CLEAR_COLOR):$(COLOR_HEADER_CONT)$(__BRANCH__)$(CLEAR_COLOR)))
endef
# makefile (from 'Makefile', line 23)
BASENAME := main.c endian.c init_options.c throw.c ft_trace.c options/get_option.c options/parse_args.c options/print_flags.c utils/string.c core/setup.c core/ft_cksum.c core/trace.c core/create_packet.c core/time.c 
# environment
VSCODE_CWD = /home/teyber
# default
MAKE_COMMAND := make
# environment
VSCODE_HANDLES_SIGPIPE = true
# makefile (from 'Makefile', line 17)
PATH_LIBFT := libft
# automatic
@D = $(patsubst %/,%,$(dir $@))
# makefile (from 'Makefile', line 60)
REMAINING_BAR_CHAR = $(COLOR_PERCENT)╍$(CLEAR_COLOR)
# environment
VSCODE_HANDLES_UNCAUGHT_ERRORS = true
# default
.VARIABLES := 
# environment
PWD = /home/teyber/Workspace/ft_ssl
# automatic
%D = $(patsubst %/,%,$(dir $%))
# environment
LSCOLORS = Gxfxcxdxbxegedabagacad
# environment
OLDPWD = /home/teyber
# automatic
^D = $(patsubst %/,%,$(dir $^))
# environment
VSCODE_LOG_STACK = false
# automatic
%F = $(notdir $%)
# makefile (from 'Makefile', line 18)
LIBFT := /libft.a
# environment
LANG = C
# default
.LOADED := 
# default
.INCLUDE_DIRS = /usr/local/include /usr/include /usr/include
# makefile
MAKEFLAGS = pqrR
# makefile (from 'Makefile', line 52)
COLOR_FILE = \033[34m
# makefile
CURDIR := /home/teyber/Workspace/ft_ssl
# environment
VSCODE_PIPE_LOGGING = true
# environment
APPLICATION_INSIGHTS_NO_DIAGNOSTIC_CHANNEL = 1
# makefile (from 'Makefile', line 38)
SRCS := src/main.c src/endian.c src/init_options.c src/throw.c src/ft_trace.c src/options/get_option.c src/options/parse_args.c src/options/print_flags.c src/utils/string.c src/core/setup.c src/core/ft_cksum.c src/core/trace.c src/core/create_packet.c src/core/time.c
# makefile (from 'Makefile', line 46)
PROGRESS := 0
# automatic
*D = $(patsubst %/,%,$(dir $*))
# environment
MFLAGS = -pqrR
# default
.SHELLFLAGS := -c
# makefile (from 'Makefile', line 54)
COLOR_INFO = \033[1;38;5;33m
# automatic
+D = $(patsubst %/,%,$(dir $+))
# environment
P9K_SSH = 1
# makefile (from 'objs/main.d', line 1)
MAKEFILE_LIST := Makefile objs/main.d
# automatic
@F = $(notdir $@)
# environment
ZSH = /home/teyber/.oh-my-zsh
# environment
VSCODE_VERBOSE_LOGGING = true
# environment
XDG_SESSION_TYPE = tty
# automatic
?D = $(patsubst %/,%,$(dir $?))
# automatic
*F = $(notdir $*)
# makefile (from 'Makefile', line 58)
NAME_PRINT = $(COLOR_HEADER)Name$(CLEAR_COLOR)
# environment
DBUS_SESSION_BUS_ADDRESS = unix:path=/run/user/1001/bus
# automatic
<D = $(patsubst %/,%,$(dir $<))
# environment
VSCODE_NLS_CONFIG = {"locale":"en","availableLanguages":{}}
# default
MAKE_HOST := x86_64-pc-linux-gnu
# makefile (from 'Makefile', line 39)
OBJS := objs/main.o objs/endian.o objs/init_options.o objs/throw.o objs/ft_trace.o objs/options/get_option.o objs/options/parse_args.o objs/options/print_flags.o objs/utils/string.o objs/core/setup.o objs/core/ft_cksum.o objs/core/trace.o objs/core/create_packet.o objs/core/time.o
# makefile
SHELL = /bin/sh
# default
MAKECMDGOALS := all
# environment
SHLVL = 0
# environment
MAKELEVEL := 0
# makefile (from 'Makefile', line 10)
MKDIR := @mkdir -p
# default
MAKE = $(MAKE_COMMAND)
# environment
PATH = /home/teyber/.vscode-server/bin/c3511e6c69bb39013c4a4b7b9566ec1ca73fc4d5/bin/remote-cli:/home/teyber/.local/bin:/usr/local/sbin:/usr/local/bin:/usr/sbin:/usr/bin:/sbin:/bin:/usr/games:/usr/local/games:/snap/bin
# default
MAKEFILES := 
# environment
MOTD_SHOWN = pam
# automatic
^F = $(notdir $^)
# makefile (from 'Makefile', line 123)
define show_progress
	$(eval PROGRESS = $(shell expr $(PROGRESS) + 1))
	$(eval TMP := $(shell echo "scale=3;$(PROGRESS) / $(NO_OF_FILES) * 100" | bc))
	$(eval TMP := $(shell echo "$(TMP)" | sed 's/\..*//'))

	@$(clear_line)
	@printf "[$(COLOR_PERCENT)%4d %-2s$(CLEAR_COLOR)]%13s $(COLOR_FILE)$(subst objs/,,$@)$(CLEAR_COLOR)\n" $(TMP) % Compiling
	$(call draw_bar,$(TMP))
endef
# environment
SSH_CLIENT = 176.170.199.145 20687 1337
# environment
VSCODE_LOG_NATIVE = false
# makefile (from 'Makefile', line 133)
tear_down = 	@if [ $(PROGRESS) -eq 0 ]; then /bin/echo -e "$(COLOR_INFO)No recompilation needed$(CLEAR_COLOR)"; else /bin/echo -e "$(COLOR_DONE)Compilation done \xE2\x9C\x94$(CLEAR_COLOR)"; fi
# automatic
?F = $(notdir $?)
# makefile (from 'Makefile', line 1)
NAME = ft_traceroute
# environment
LS_COLORS = 
# automatic
+F = $(notdir $+)
# environment
LESS = -R
# 'override' directive
GNUMAKEFLAGS := 
# environment
BROWSER = /home/teyber/.vscode-server/bin/c3511e6c69bb39013c4a4b7b9566ec1ca73fc4d5/bin/helpers/browser.sh
# makefile (from 'Makefile', line 53)
COLOR_PERCENT = \033[1;94m
# environment
LOGNAME = teyber
# makefile
.DEFAULT_GOAL := all
# makefile (from 'Makefile', line 9)
RM := @rm -f
# environment
USER = teyber
# default
MAKE_VERSION := 4.3
# makefile (from 'Makefile', line 92)
define draw_bar
	$(eval MAX := $(shell echo $(shell tput cols) - 1 | bc))
	$(eval CUR := $(shell echo "scale = 3; $(1) / 100 * $(MAX)" | bc | sed -e 's/^\.//'))

	@for i in $(shell seq 1 $(CUR)); do /bin/echo -en '$(PROGRESS_BAR_CHAR)'; done
	@for i in $(shell seq $(CUR) $(MAX)); do /bin/echo -en '$(REMAINING_BAR_CHAR)'; done
	@echo
endef
# makefile (from 'Makefile', line 5)
PATH_SRCS := src
# makefile (from 'Makefile', line 21)
LDFLAGS := -lft -L
# environment
VSCODE_EXTHOST_WILL_SEND_SOCKET = true
# environment
PAGER = most
# environment
VSCODE_AGENT_FOLDER = /home/teyber/.vscode-server
# environment
_ = /home/teyber/.vscode-server/bin/c3511e6c69bb39013c4a4b7b9566ec1ca73fc4d5/node
# environment
XDG_RUNTIME_DIR = /run/user/1001
# makefile (from 'Makefile', line 63)
CFLAGS := -Wall -Werror -Wextra -g3 -ggdb -fdiagnostics-color=always -DDEBUG
# makefile (from 'Makefile', line 4)
PATH_INC := -I./include -Ilibft
# makefile (from 'Makefile', line 75)
define init_makefile
	$(eval TMP_NAME = $(NAME_PRINT):$(COLOR_HEADER_CONT)$(NAME)$(CLEAR_COLOR))
	$(eval TMP_AUTHOR = $(COLOR_HEADER)Author$(CLEAR_COLOR):$(COLOR_HEADER_CONT)$(AUTHOR)$(CLEAR_COLOR))
	$(eval TMP_CC = $(COLOR_HEADER)Compiler$(CLEAR_COLOR):$(COLOR_HEADER_CONT)$(subst @,,$(CC))$(CLEAR_COLOR))
	$(eval TMP_FLAGS = $(COLOR_HEADER)Flags$(CLEAR_COLOR):$(COLOR_HEADER_CONT)$(CFLAGS)$(CLEAR_COLOR))
	$(eval TMP_LINKER = $(COLOR_HEADER)Linker flags$(CLEAR_COLOR):$(COLOR_HEADER_CONT)$(LDFLAGS)$(CLEAR_COLOR))
	$(show_git_infos)

	@if [ $(PROGRESS) -eq 0 ]; then clear; tput civis; /bin/echo -e '$(TMP_NAME)\n$(TMP_AUTHOR)\n$(TMP_CC)\n$(TMP_FLAGS)\n$(TMP_LINKER)\n$(TMP_REPOS)$(if $(TMP_BRANCH),\n$(TMP_BRANCH))' | sed -e 's/^ //' | column -t -s':' | tr '!' ':'; echo ""; fi
endef
# environment
VSCODE_IPC_HOOK_CLI = /run/user/1001/vscode-ipc-289bd869-5e13-49d8-8e1c-73dd7cf82269.sock
# makefile (from 'Makefile', line 114)
define clear_progress
	if [ -d .git ]; then tput cup 9 0; else tput cup 8 0; fi
	tput el
endef
# environment
XDG_SESSION_CLASS = user
# environment
VSCODE_AMD_ENTRYPOINT = vs/workbench/api/node/extensionHostProcess
# environment
HOME = /home/teyber
# makefile (from 'Makefile', line 12)
DEBUG_MODE := 1
# makefile (from 'Makefile', line 14)
SYS_ENDIAN := 1
# makefile (from 'Makefile', line 16)
LIBFT_FLAGS := SYS_ENDIAN=1
# environment
XDG_SESSION_ID = 138
# default
.RECIPEPREFIX := 
# automatic
<F = $(notdir $<)
# makefile (from 'Makefile', line 40)
DEPS := objs/main.d objs/endian.d objs/init_options.d objs/throw.d objs/ft_trace.d objs/options/get_option.d objs/options/parse_args.d objs/options/print_flags.d objs/utils/string.d objs/core/setup.d objs/core/ft_cksum.d objs/core/trace.d objs/core/create_packet.d objs/core/time.d
# default
SUFFIXES := 
# makefile (from 'Makefile', line 56)
CLEAR_COLOR = \033[m
# makefile (from 'Makefile', line 50)
COLOR_DONE = \033[1;32m
# default
.FEATURES := target-specific order-only second-expansion else-if shortest-stem undefine oneshell nocomment grouped-target extra-prereqs archives jobserver output-sync check-symlink load
# makefile (from 'Makefile', line 8)
CC := gcc
# makefile (from 'Makefile', line 47)
NO_OF_FILES := 14
# makefile (from 'Makefile', line 2)
AUTHOR := gboucett
# makefile (from 'Makefile', line 59)
PROGRESS_BAR_CHAR = $(COLOR_PERCENT)▰$(CLEAR_COLOR)
# makefile (from 'Makefile', line 49)
COLOR_HEADER = \033[1;31m
# environment
SSH_CONNECTION = 176.170.199.145 20687 51.178.41.176 1337
# variable set hash-table stats:
# Load=112/1024=11%, Rehash=0, Collisions=6/165=4%

# Pattern-specific Variable Values

# No pattern-specific variable values.

# Directories

# src (device 2049, inode 3874858): 3 files, 1 impossibilities.
# . (device 2049, inode 1290963): 10 files, no impossibilities.

# 13 files, 1 impossibilities in 2 directories.

# Implicit Rules

objs/%.o: src/%.c
#  recipe to execute (from 'Makefile', line 147):
					$(init_makefile)
					$(show_progress)
					$(shell mkdir -p $(dir $@))
					$(eval TMP_COMP := $(shell $(CC) $(CFLAGS) $(PATH_INC) -MMD -c $< -o $@ 2> /tmp/compilation_error_$(subst /,_,$@) && echo 'true'))
					@if [ '$(TMP_COMP)' != 'true' ]; then \
						tput cnorm; \
						echo ""; \
						cat /tmp/compilation_error_$(subst /,_,$@); \
						exit 2; \
					fi
					@if [ $(PROGRESS) -eq $(NO_OF_FILES) ]; then \
						$(clear_line); \
						tput cnorm; \
					fi

# 1 implicit rules, 0 (0.0%) terminal.
# Files

ft_traceroute: objs/main.o objs/endian.o objs/init_options.o objs/throw.o objs/ft_trace.o objs/options/get_option.o objs/options/parse_args.o objs/options/print_flags.o objs/utils/string.o objs/core/setup.o objs/core/ft_cksum.o objs/core/trace.o objs/core/create_packet.o objs/core/time.o libft
#  Implicit rule search has not been done.
#  File does not exist.
#  File has not been updated.
#  recipe to execute (from 'Makefile', line 169):
					$(init_makefile)
					@tput cnorm
 
make: *** No rule to make target 'objs/endian.o', needed by 'ft_traceroute'.  Stop.

					@$(clear_progress)
					@echo "Linking $(NAME)..."
					@$(CC) $(OBJS) -o $@ $(LDFLAGS)
					@$(clear_progress)
					@$(clear_line)

# Not a target:
objs/core/ft_cksum.o:
#  Implicit rule search has not been done.
#  Modification time never checked.
#  File has not been updated.

# Not a target:
objs/ft_trace.o:
#  Implicit rule search has not been done.
#  Modification time never checked.
#  File has not been updated.

# Not a target:
objs/endian.o:
#  Implicit rule search has been done.
#  File does not exist.
#  File has not been updated.

# Not a target:
objs/options/get_option.o:
#  Implicit rule search has not been done.
#  Modification time never checked.
#  File has not been updated.

/libft.a:
#  Implicit rule search has not been done.
#  Modification time never checked.
#  File has not been updated.
#  recipe to execute (from 'Makefile', line 180):
					$(MAKE) -s -C $(PATH_LIBFT) $(LIBFT_FLAGS)

# Not a target:
objs/main.d:
#  Implicit rule search has been done.
#  Last modified 2022-05-29 17:26:07.331691115
#  File has been updated.
#  Successfully updated.

# Not a target:
objs/core/setup.d:
#  Implicit rule search has been done.
#  File does not exist.
#  File has been updated.
#  Failed to be updated.

# Not a target:
objs/core/setup.o:
#  Implicit rule search has not been done.
#  Modification time never checked.
#  File has not been updated.

# Not a target:
Makefile:
#  Implicit rule search has been done.
#  Last modified 2022-05-29 17:27:25.233015032
#  File has been updated.
#  Successfully updated.

# Not a target:
objs/options/print_flags.d:
#  Implicit rule search has been done.
#  File does not exist.
#  File has been updated.
#  Failed to be updated.

# Not a target:
objs/init_options.d:
#  Implicit rule search has been done.
#  File does not exist.
#  File has been updated.
#  Failed to be updated.

# Not a target:
objs/core/trace.d:
#  Implicit rule search has been done.
#  File does not exist.
#  File has been updated.
#  Failed to be updated.

# Not a target:
objs/core/time.o:
#  Implicit rule search has not been done.
#  Modification time never checked.
#  File has not been updated.

# Not a target:
objs/core/time.d:
#  Implicit rule search has been done.
#  File does not exist.
#  File has been updated.
#  Failed to be updated.

# Not a target:
objs/options/parse_args.o:
#  Implicit rule search has not been done.
#  Modification time never checked.
#  File has not been updated.

clean:
#  Phony target (prerequisite of .PHONY).
#  Implicit rule search has not been done.
#  File does not exist.
#  File has not been updated.
#  recipe to execute (from 'Makefile', line 183):
					$(RM) -r $(PATH_OBJS)

# Not a target:
objs/core/trace.o:
#  Implicit rule search has not been done.
#  Modification time never checked.
#  File has not been updated.

# Not a target:
objs/endian.d:
#  Implicit rule search has been done.
#  File does not exist.
#  File has been updated.
#  Failed to be updated.

# Not a target:
src/main.c:
#  Implicit rule search has been done.
#  Last modified 2022-05-29 17:21:24.194882648
#  File has been updated.
#  Successfully updated.

re: fclean all
#  Phony target (prerequisite of .PHONY).
#  Implicit rule search has not been done.
#  File does not exist.
#  File has not been updated.

# Not a target:
objs/core/ft_cksum.d:
#  Implicit rule search has been done.
#  File does not exist.
#  File has been updated.
#  Failed to be updated.

# Not a target:
objs/utils/string.d:
#  Implicit rule search has been done.
#  File does not exist.
#  File has been updated.
#  Failed to be updated.

# Not a target:
objs/core/create_packet.d:
#  Implicit rule search has been done.
#  File does not exist.
#  File has been updated.
#  Failed to be updated.

objs/main.o: src/main.c src/main.c
#  Implicit rule search has been done.
#  Implicit/static pattern stem: 'main'
#  Last modified 2022-05-29 17:26:07.339691251
#  File has been updated.
#  Successfully updated.
#  recipe to execute (from 'Makefile', line 147):
					$(init_makefile)
					$(show_progress)
					$(shell mkdir -p $(dir $@))
					$(eval TMP_COMP := $(shell $(CC) $(CFLAGS) $(PATH_INC) -MMD -c $< -o $@ 2> /tmp/compilation_error_$(subst /,_,$@) && echo 'true'))
					@if [ '$(TMP_COMP)' != 'true' ]; then \
						tput cnorm; \
						echo ""; \
						cat /tmp/compilation_error_$(subst /,_,$@); \
						exit 2; \
					fi
					@if [ $(PROGRESS) -eq $(NO_OF_FILES) ]; then \
						$(clear_line); \
						tput cnorm; \
					fi

# Not a target:
objs/throw.d:
#  Implicit rule search has been done.
#  File does not exist.
#  File has been updated.
#  Failed to be updated.

# Not a target:
.DEFAULT:
#  Implicit rule search has not been done.
#  Modification time never checked.
#  File has not been updated.

all: ft_traceroute
#  Phony target (prerequisite of .PHONY).
#  Command line target.
#  Implicit rule search has not been done.
#  File does not exist.
#  File has not been updated.
#  recipe to execute (from 'Makefile', line 164):
					$(tear_down)

fclean: clean
#  Phony target (prerequisite of .PHONY).
#  Implicit rule search has not been done.
#  File does not exist.
#  File has not been updated.
#  recipe to execute (from 'Makefile', line 187):
					$(RM) $(NAME) woody

# Not a target:
objs/options/get_option.d:
#  Implicit rule search has been done.
#  File does not exist.
#  File has been updated.
#  Failed to be updated.

# Not a target:
objs/utils/string.o:
#  Implicit rule search has not been done.
#  Modification time never checked.
#  File has not been updated.

# Not a target:
objs/init_options.o:
#  Implicit rule search has not been done.
#  Modification time never checked.
#  File has not been updated.

libft: /libft.a
#  Phony target (prerequisite of .PHONY).
#  Implicit rule search has not been done.
#  File does not exist.
#  File has not been updated.

# Not a target:
objs/options/parse_args.d:
#  Implicit rule search has been done.
#  File does not exist.
#  File has been updated.
#  Failed to be updated.

# Not a target:
objs/throw.o:
#  Implicit rule search has not been done.
#  Modification time never checked.
#  File has not been updated.

# Not a target:
objs/core/create_packet.o:
#  Implicit rule search has not been done.
#  Modification time never checked.
#  File has not been updated.

# Not a target:
objs/options/print_flags.o:
#  Implicit rule search has not been done.
#  Modification time never checked.
#  File has not been updated.

.PHONY: all clean fclean re libft
#  Implicit rule search has not been done.
#  Modification time never checked.
#  File has not been updated.

# Not a target:
objs/ft_trace.d:
#  Implicit rule search has been done.
#  File does not exist.
#  File has been updated.
#  Failed to be updated.

# files hash-table stats:
# Load=40/1024=4%, Rehash=0, Collisions=2/98=2%
# VPATH Search Paths

# No 'vpath' search paths.

# No general ('VPATH' variable) search path.

# strcache buffers: 1 (0) / strings = 56 / storage = 773 B / avg = 13 B
# current buf: size = 8162 B / used = 773 B / count = 56 / avg = 13 B

# strcache performance: lookups = 103 / hit rate = 45%
# hash-table stats:
# Load=56/8192=1%, Rehash=0, Collisions=0/103=0%
# Finished Make data base on Sun May 29 17:33:31 2022

 
